Start
headers
-----
Host: 35.77.88.21
X-Real-IP: 133.6.203.230
Connection: close
Cache-Control: max-age=0
Upgrade-Insecure-Requests: 1
User-Agent: Mozilla/5.0 (Windows NT 10.0; Win64; x64) AppleWebKit/537.36 (KHTML, like Gecko) Chrome/116.0.0.0 Safari/537.36
Accept: text/html,application/xhtml+xml,application/xml;q=0.9,image/avif,image/webp,image/apng,*/*;q=0.8,application/signed-exchange;v=b3;q=0.7
Accept-Encoding: gzip, deflate
Accept-Language: ja-JP,ja;q=0.9,en-US;q=0.8,en;q=0.7

-----
headers
-----
Host: 35.77.88.21
X-Real-IP: 133.6.203.230
Connection: close
User-Agent: Mozilla/5.0 (Windows NT 10.0; Win64; x64) AppleWebKit/537.36 (KHTML, like Gecko) Chrome/116.0.0.0 Safari/537.36
Accept: image/avif,image/webp,image/apng,image/svg+xml,image/*,*/*;q=0.8
Referer: http://35.77.88.21/dialogue?id=1
Accept-Encoding: gzip, deflate
Accept-Language: ja-JP,ja;q=0.9,en-US;q=0.8,en;q=0.7

-----
path = /interact
parsed: path = /interact, query = {}
headers
-----
Host: 35.77.88.21
X-Real-IP: 133.6.203.230
Connection: close
Content-Length: 80
User-Agent: Mozilla/5.0 (Windows NT 10.0; Win64; x64) AppleWebKit/537.36 (KHTML, like Gecko) Chrome/116.0.0.0 Safari/537.36
Content-Type: application/json
Accept: */*
Origin: http://35.77.88.21
Referer: http://35.77.88.21/dialogue?id=1
Accept-Encoding: gzip, deflate
Accept-Language: ja-JP,ja;q=0.9,en-US;q=0.8,en;q=0.7

-----
body = {'utt': 'こんにちは。趣味は何ですか？', 'context': [], 'dialogueId': 1}
prompt:
以下は、話者Aと話者Bの対話です。

[話者Aのプロフィール]
私は北海道に住んでいます。
私は映画を見るのが好きです。
[話者Aの性格]
開放性が低い。
誠実性が高い。
外向性が低い。
協調性が低い。
神経症傾向が高い。
[対話]
話者B: こんにちは。趣味は何ですか？
話者A: 
sys: 映画を見ることが好きです。
path = /interact
parsed: path = /interact, query = {}
headers
-----
Host: 35.77.88.21
X-Real-IP: 133.6.203.230
Connection: close
Content-Length: 233
User-Agent: Mozilla/5.0 (Windows NT 10.0; Win64; x64) AppleWebKit/537.36 (KHTML, like Gecko) Chrome/116.0.0.0 Safari/537.36
Content-Type: application/json
Accept: */*
Origin: http://35.77.88.21
Referer: http://35.77.88.21/dialogue?id=1
Accept-Encoding: gzip, deflate
Accept-Language: ja-JP,ja;q=0.9,en-US;q=0.8,en;q=0.7

-----
body = {'utt': 'そうなんですね．どんな映画を見るんですか？', 'context': [{'spk': '[SPK2]', 'utt': 'こんにちは。趣味は何ですか？'}, {'spk': '[SPK1]', 'utt': '映画を見ることが好きです。'}], 'dialogueId': 1}
prompt:
以下は、話者Aと話者Bの対話です。

[話者Aのプロフィール]
私は北海道に住んでいます。
私は映画を見るのが好きです。
[話者Aの性格]
開放性が低い。
誠実性が高い。
外向性が低い。
協調性が低い。
神経症傾向が高い。
[対話]
話者B: こんにちは。趣味は何ですか？
話者A: 映画を見ることが好きです。
話者B: そうなんですね．どんな映画を見るんですか？
話者A: 
sys: 特にジャンルを問わず、ストーリーに深みがあるものや、人間性を問いかけるような映画を好んで見ます。
